Analysis & Synthesis report for final_project
Tue Nov  9 17:59:36 2021
Quartus Prime Version 20.1.1 Build 720 11/11/2020 SJ Lite Edition


---------------------
; Table of Contents ;
---------------------
  1. Legal Notice
  2. Analysis & Synthesis Summary
  3. Analysis & Synthesis Settings
  4. Parallel Compilation
  5. Analysis & Synthesis Source Files Read
  6. Analysis & Synthesis Resource Usage Summary
  7. Analysis & Synthesis Resource Utilization by Entity
  8. Registers Removed During Synthesis
  9. General Register Statistics
 10. Multiplexer Restructuring Statistics (Restructuring Performed)
 11. Parameter Settings for User Entity Instance: vga_pll_25_175:PLL1|altpll:altpll_component
 12. Parameter Settings for User Entity Instance: vga_controller:VGA_CONTROLL
 13. altpll Parameter Settings by Entity Instance
 14. Port Connectivity Checks: "bin2seg7:DIAGNOSTIC4"
 15. Port Connectivity Checks: "bin2seg7:DIAGNOSTIC3"
 16. Port Connectivity Checks: "bin2seg7:DIAGNOSTIC2"
 17. Port Connectivity Checks: "bin2seg7:DIAGNOSTIC1"
 18. Port Connectivity Checks: "score:TEST1"
 19. Port Connectivity Checks: "vga_controller:VGA_CONTROLL"
 20. Post-Synthesis Netlist Statistics for Top Partition
 21. Elapsed Time Per Partition
 22. Analysis & Synthesis Messages



----------------
; Legal Notice ;
----------------
Copyright (C) 2020  Intel Corporation. All rights reserved.
Your use of Intel Corporation's design tools, logic functions 
and other software and tools, and any partner logic 
functions, and any output files from any of the foregoing 
(including device programming or simulation files), and any 
associated documentation or information are expressly subject 
to the terms and conditions of the Intel Program License 
Subscription Agreement, the Intel Quartus Prime License Agreement,
the Intel FPGA IP License Agreement, or other applicable license
agreement, including, without limitation, that your use is for
the sole purpose of programming logic devices manufactured by
Intel and sold by Intel or its authorized distributors.  Please
refer to the applicable agreement for further details, at
https://fpgasoftware.intel.com/eula.



+----------------------------------------------------------------------------------+
; Analysis & Synthesis Summary                                                     ;
+------------------------------------+---------------------------------------------+
; Analysis & Synthesis Status        ; Successful - Tue Nov  9 17:59:36 2021       ;
; Quartus Prime Version              ; 20.1.1 Build 720 11/11/2020 SJ Lite Edition ;
; Revision Name                      ; final_project                               ;
; Top-level Entity Name              ; project_top_level                           ;
; Family                             ; MAX 10                                      ;
; Total logic elements               ; 71                                          ;
;     Total combinational functions  ; 59                                          ;
;     Dedicated logic registers      ; 35                                          ;
; Total registers                    ; 35                                          ;
; Total pins                         ; 49                                          ;
; Total virtual pins                 ; 0                                           ;
; Total memory bits                  ; 0                                           ;
; Embedded Multiplier 9-bit elements ; 0                                           ;
; Total PLLs                         ; 1                                           ;
; UFM blocks                         ; 0                                           ;
; ADC blocks                         ; 0                                           ;
+------------------------------------+---------------------------------------------+


+------------------------------------------------------------------------------------------------------------+
; Analysis & Synthesis Settings                                                                              ;
+------------------------------------------------------------------+--------------------+--------------------+
; Option                                                           ; Setting            ; Default Value      ;
+------------------------------------------------------------------+--------------------+--------------------+
; Device                                                           ; 10M50DAF484C6GES   ;                    ;
; Top-level entity name                                            ; project_top_level  ; final_project      ;
; Family name                                                      ; MAX 10             ; Cyclone V          ;
; Use smart compilation                                            ; Off                ; Off                ;
; Enable parallel Assembler and Timing Analyzer during compilation ; On                 ; On                 ;
; Enable compact report table                                      ; Off                ; Off                ;
; Restructure Multiplexers                                         ; Auto               ; Auto               ;
; Create Debugging Nodes for IP Cores                              ; Off                ; Off                ;
; Preserve fewer node names                                        ; On                 ; On                 ;
; Intel FPGA IP Evaluation Mode                                    ; Enable             ; Enable             ;
; Verilog Version                                                  ; Verilog_2001       ; Verilog_2001       ;
; VHDL Version                                                     ; VHDL_1993          ; VHDL_1993          ;
; State Machine Processing                                         ; Auto               ; Auto               ;
; Safe State Machine                                               ; Off                ; Off                ;
; Extract Verilog State Machines                                   ; On                 ; On                 ;
; Extract VHDL State Machines                                      ; On                 ; On                 ;
; Ignore Verilog initial constructs                                ; Off                ; Off                ;
; Iteration limit for constant Verilog loops                       ; 5000               ; 5000               ;
; Iteration limit for non-constant Verilog loops                   ; 250                ; 250                ;
; Add Pass-Through Logic to Inferred RAMs                          ; On                 ; On                 ;
; Infer RAMs from Raw Logic                                        ; On                 ; On                 ;
; Parallel Synthesis                                               ; On                 ; On                 ;
; DSP Block Balancing                                              ; Auto               ; Auto               ;
; NOT Gate Push-Back                                               ; On                 ; On                 ;
; Power-Up Don't Care                                              ; On                 ; On                 ;
; Remove Redundant Logic Cells                                     ; Off                ; Off                ;
; Remove Duplicate Registers                                       ; On                 ; On                 ;
; Ignore CARRY Buffers                                             ; Off                ; Off                ;
; Ignore CASCADE Buffers                                           ; Off                ; Off                ;
; Ignore GLOBAL Buffers                                            ; Off                ; Off                ;
; Ignore ROW GLOBAL Buffers                                        ; Off                ; Off                ;
; Ignore LCELL Buffers                                             ; Off                ; Off                ;
; Ignore SOFT Buffers                                              ; On                 ; On                 ;
; Limit AHDL Integers to 32 Bits                                   ; Off                ; Off                ;
; Optimization Technique                                           ; Balanced           ; Balanced           ;
; Carry Chain Length                                               ; 70                 ; 70                 ;
; Auto Carry Chains                                                ; On                 ; On                 ;
; Auto Open-Drain Pins                                             ; On                 ; On                 ;
; Perform WYSIWYG Primitive Resynthesis                            ; Off                ; Off                ;
; Auto ROM Replacement                                             ; On                 ; On                 ;
; Auto RAM Replacement                                             ; On                 ; On                 ;
; Auto DSP Block Replacement                                       ; On                 ; On                 ;
; Auto Shift Register Replacement                                  ; Auto               ; Auto               ;
; Allow Shift Register Merging across Hierarchies                  ; Auto               ; Auto               ;
; Auto Clock Enable Replacement                                    ; On                 ; On                 ;
; Strict RAM Replacement                                           ; Off                ; Off                ;
; Allow Synchronous Control Signals                                ; On                 ; On                 ;
; Force Use of Synchronous Clear Signals                           ; Off                ; Off                ;
; Auto RAM Block Balancing                                         ; On                 ; On                 ;
; Auto RAM to Logic Cell Conversion                                ; Off                ; Off                ;
; Auto Resource Sharing                                            ; Off                ; Off                ;
; Allow Any RAM Size For Recognition                               ; Off                ; Off                ;
; Allow Any ROM Size For Recognition                               ; Off                ; Off                ;
; Allow Any Shift Register Size For Recognition                    ; Off                ; Off                ;
; Use LogicLock Constraints during Resource Balancing              ; On                 ; On                 ;
; Ignore translate_off and synthesis_off directives                ; Off                ; Off                ;
; Timing-Driven Synthesis                                          ; On                 ; On                 ;
; Report Parameter Settings                                        ; On                 ; On                 ;
; Report Source Assignments                                        ; On                 ; On                 ;
; Report Connectivity Checks                                       ; On                 ; On                 ;
; Ignore Maximum Fan-Out Assignments                               ; Off                ; Off                ;
; Synchronization Register Chain Length                            ; 2                  ; 2                  ;
; Power Optimization During Synthesis                              ; Normal compilation ; Normal compilation ;
; HDL message level                                                ; Level2             ; Level2             ;
; Suppress Register Optimization Related Messages                  ; Off                ; Off                ;
; Number of Removed Registers Reported in Synthesis Report         ; 5000               ; 5000               ;
; Number of Swept Nodes Reported in Synthesis Report               ; 5000               ; 5000               ;
; Number of Inverted Registers Reported in Synthesis Report        ; 100                ; 100                ;
; Clock MUX Protection                                             ; On                 ; On                 ;
; Auto Gated Clock Conversion                                      ; Off                ; Off                ;
; Block Design Naming                                              ; Auto               ; Auto               ;
; SDC constraint protection                                        ; Off                ; Off                ;
; Synthesis Effort                                                 ; Auto               ; Auto               ;
; Shift Register Replacement - Allow Asynchronous Clear Signal     ; On                 ; On                 ;
; Pre-Mapping Resynthesis Optimization                             ; Off                ; Off                ;
; Analysis & Synthesis Message Level                               ; Medium             ; Medium             ;
; Disable Register Merging Across Hierarchies                      ; Auto               ; Auto               ;
; Resource Aware Inference For Block RAM                           ; On                 ; On                 ;
+------------------------------------------------------------------+--------------------+--------------------+


+------------------------------------------+
; Parallel Compilation                     ;
+----------------------------+-------------+
; Processors                 ; Number      ;
+----------------------------+-------------+
; Number detected on machine ; 8           ;
; Maximum allowed            ; 8           ;
;                            ;             ;
; Average used               ; 1.00        ;
; Maximum used               ; 8           ;
;                            ;             ;
; Usage by Processor         ; % Time Used ;
;     Processor 1            ; 100.0%      ;
;     Processor 2            ;   0.0%      ;
;     Processors 3-8         ;   0.0%      ;
+----------------------------+-------------+


+-----------------------------------------------------------------------------------------------------------------------------------------------------------------------------+
; Analysis & Synthesis Source Files Read                                                                                                                                      ;
+--------------------------------------+-----------------+------------------------------+---------------------------------------------------------------------------+---------+
; File Name with User-Entered Path     ; Used in Netlist ; File Type                    ; File Name with Absolute Path                                              ; Library ;
+--------------------------------------+-----------------+------------------------------+---------------------------------------------------------------------------+---------+
; ../components/my_data_types.vhdl     ; yes             ; User VHDL File               ; /home/jon/github/FPGADefender/components/my_data_types.vhdl               ;         ;
; ../project_top_level.vhd             ; yes             ; User VHDL File               ; /home/jon/github/FPGADefender/project_top_level.vhd                       ;         ;
; ../components/vga/vga_pll_25_175.vhd ; yes             ; User Wizard-Generated File   ; /home/jon/github/FPGADefender/components/vga/vga_pll_25_175.vhd           ;         ;
; ../components/vga/vga_controller.vhd ; yes             ; User VHDL File               ; /home/jon/github/FPGADefender/components/vga/vga_controller.vhd           ;         ;
; ../components/score.vhdl             ; yes             ; User VHDL File               ; /home/jon/github/FPGADefender/components/score.vhdl                       ;         ;
; ../components/bin2seg7.vhdl          ; yes             ; User VHDL File               ; /home/jon/github/FPGADefender/components/bin2seg7.vhdl                    ;         ;
; altpll.tdf                           ; yes             ; Megafunction                 ; /storage/large_programs/quartus/libraries/megafunctions/altpll.tdf        ;         ;
; aglobal201.inc                       ; yes             ; Megafunction                 ; /storage/large_programs/quartus/libraries/megafunctions/aglobal201.inc    ;         ;
; stratix_pll.inc                      ; yes             ; Megafunction                 ; /storage/large_programs/quartus/libraries/megafunctions/stratix_pll.inc   ;         ;
; stratixii_pll.inc                    ; yes             ; Megafunction                 ; /storage/large_programs/quartus/libraries/megafunctions/stratixii_pll.inc ;         ;
; cycloneii_pll.inc                    ; yes             ; Megafunction                 ; /storage/large_programs/quartus/libraries/megafunctions/cycloneii_pll.inc ;         ;
; db/vga_pll_25_175_altpll.v           ; yes             ; Auto-Generated Megafunction  ; /home/jon/github/FPGADefender/quartus/db/vga_pll_25_175_altpll.v          ;         ;
+--------------------------------------+-----------------+------------------------------+---------------------------------------------------------------------------+---------+


+-------------------------------------------------------------------------------------------------------------------------------------------------+
; Analysis & Synthesis Resource Usage Summary                                                                                                     ;
+---------------------------------------------+---------------------------------------------------------------------------------------------------+
; Resource                                    ; Usage                                                                                             ;
+---------------------------------------------+---------------------------------------------------------------------------------------------------+
; Estimated Total logic elements              ; 71                                                                                                ;
;                                             ;                                                                                                   ;
; Total combinational functions               ; 59                                                                                                ;
; Logic element usage by number of LUT inputs ;                                                                                                   ;
;     -- 4 input functions                    ; 24                                                                                                ;
;     -- 3 input functions                    ; 4                                                                                                 ;
;     -- <=2 input functions                  ; 31                                                                                                ;
;                                             ;                                                                                                   ;
; Logic elements by mode                      ;                                                                                                   ;
;     -- normal mode                          ; 41                                                                                                ;
;     -- arithmetic mode                      ; 18                                                                                                ;
;                                             ;                                                                                                   ;
; Total registers                             ; 35                                                                                                ;
;     -- Dedicated logic registers            ; 35                                                                                                ;
;     -- I/O registers                        ; 0                                                                                                 ;
;                                             ;                                                                                                   ;
; I/O pins                                    ; 49                                                                                                ;
;                                             ;                                                                                                   ;
; Embedded Multiplier 9-bit elements          ; 0                                                                                                 ;
;                                             ;                                                                                                   ;
; Total PLLs                                  ; 1                                                                                                 ;
;     -- PLLs                                 ; 1                                                                                                 ;
;                                             ;                                                                                                   ;
; Maximum fan-out node                        ; vga_pll_25_175:PLL1|altpll:altpll_component|vga_pll_25_175_altpll:auto_generated|wire_pll1_clk[0] ;
; Maximum fan-out                             ; 36                                                                                                ;
; Total fan-out                               ; 307                                                                                               ;
; Average fan-out                             ; 1.59                                                                                              ;
+---------------------------------------------+---------------------------------------------------------------------------------------------------+


+---------------------------------------------------------------------------------------------------------------------------------------------------------------------------------------------------------------------------------------------------------------------------------------------------------------------------------------------------+
; Analysis & Synthesis Resource Utilization by Entity                                                                                                                                                                                                                                                                                               ;
+-------------------------------------------------+---------------------+---------------------------+-------------+------------+--------------+---------+-----------+------+--------------+------------+-----------------------------------------------------------------------------------------------------+-----------------------+--------------+
; Compilation Hierarchy Node                      ; Combinational ALUTs ; Dedicated Logic Registers ; Memory Bits ; UFM Blocks ; DSP Elements ; DSP 9x9 ; DSP 18x18 ; Pins ; Virtual Pins ; ADC blocks ; Full Hierarchy Name                                                                                 ; Entity Name           ; Library Name ;
+-------------------------------------------------+---------------------+---------------------------+-------------+------------+--------------+---------+-----------+------+--------------+------------+-----------------------------------------------------------------------------------------------------+-----------------------+--------------+
; |project_top_level                              ; 59 (0)              ; 35 (0)                    ; 0           ; 0          ; 0            ; 0       ; 0         ; 49   ; 0            ; 0          ; |project_top_level                                                                                  ; project_top_level     ; work         ;
;    |score:TEST1|                                ; 4 (4)               ; 0 (0)                     ; 0           ; 0          ; 0            ; 0       ; 0         ; 0    ; 0            ; 0          ; |project_top_level|score:TEST1                                                                      ; score                 ; work         ;
;    |vga_controller:VGA_CONTROLL|                ; 55 (55)             ; 35 (35)                   ; 0           ; 0          ; 0            ; 0       ; 0         ; 0    ; 0            ; 0          ; |project_top_level|vga_controller:VGA_CONTROLL                                                      ; vga_controller        ; work         ;
;    |vga_pll_25_175:PLL1|                        ; 0 (0)               ; 0 (0)                     ; 0           ; 0          ; 0            ; 0       ; 0         ; 0    ; 0            ; 0          ; |project_top_level|vga_pll_25_175:PLL1                                                              ; vga_pll_25_175        ; work         ;
;       |altpll:altpll_component|                 ; 0 (0)               ; 0 (0)                     ; 0           ; 0          ; 0            ; 0       ; 0         ; 0    ; 0            ; 0          ; |project_top_level|vga_pll_25_175:PLL1|altpll:altpll_component                                      ; altpll                ; work         ;
;          |vga_pll_25_175_altpll:auto_generated| ; 0 (0)               ; 0 (0)                     ; 0           ; 0          ; 0            ; 0       ; 0         ; 0    ; 0            ; 0          ; |project_top_level|vga_pll_25_175:PLL1|altpll:altpll_component|vga_pll_25_175_altpll:auto_generated ; vga_pll_25_175_altpll ; work         ;
+-------------------------------------------------+---------------------+---------------------------+-------------+------------+--------------+---------+-----------+------+--------------+------------+-----------------------------------------------------------------------------------------------------+-----------------------+--------------+
Note: For table entries with two numbers listed, the numbers in parentheses indicate the number of resources of the given type used by the specific entity alone. The numbers listed outside of parentheses indicate the total resources of the given type used by the specific entity and all of its sub-entities in the hierarchy.


+---------------------------------------------------------------+
; Registers Removed During Synthesis                            ;
+------------------------------------------+--------------------+
; Register name                            ; Reason for Removal ;
+------------------------------------------+--------------------+
; vga_controller:VGA_CONTROLL|column[0..2] ; Lost fanout        ;
; vga_controller:VGA_CONTROLL|row[0..3]    ; Lost fanout        ;
; Total Number of Removed Registers = 7    ;                    ;
+------------------------------------------+--------------------+


+------------------------------------------------------+
; General Register Statistics                          ;
+----------------------------------------------+-------+
; Statistic                                    ; Value ;
+----------------------------------------------+-------+
; Total registers                              ; 35    ;
; Number of registers using Synchronous Clear  ; 0     ;
; Number of registers using Synchronous Load   ; 0     ;
; Number of registers using Asynchronous Clear ; 0     ;
; Number of registers using Asynchronous Load  ; 0     ;
; Number of registers using Clock Enable       ; 12    ;
; Number of registers using Preset             ; 0     ;
+----------------------------------------------+-------+


+----------------------------------------------------------------------------------------------------------------------------------------------------------------------+
; Multiplexer Restructuring Statistics (Restructuring Performed)                                                                                                       ;
+--------------------+-----------+---------------+----------------------+------------------------+------------+--------------------------------------------------------+
; Multiplexer Inputs ; Bus Width ; Baseline Area ; Area if Restructured ; Saving if Restructured ; Registered ; Example Multiplexer Output                             ;
+--------------------+-----------+---------------+----------------------+------------------------+------------+--------------------------------------------------------+
; 3:1                ; 9 bits    ; 18 LEs        ; 18 LEs               ; 0 LEs                  ; No         ; |project_top_level|vga_controller:VGA_CONTROLL|v_count ;
+--------------------+-----------+---------------+----------------------+------------------------+------------+--------------------------------------------------------+


+------------------------------------------------------------------------------------------+
; Parameter Settings for User Entity Instance: vga_pll_25_175:PLL1|altpll:altpll_component ;
+-------------------------------+----------------------------------+-----------------------+
; Parameter Name                ; Value                            ; Type                  ;
+-------------------------------+----------------------------------+-----------------------+
; OPERATION_MODE                ; NORMAL                           ; Untyped               ;
; PLL_TYPE                      ; AUTO                             ; Untyped               ;
; LPM_HINT                      ; CBX_MODULE_PREFIX=vga_pll_25_175 ; Untyped               ;
; QUALIFY_CONF_DONE             ; OFF                              ; Untyped               ;
; COMPENSATE_CLOCK              ; CLK0                             ; Untyped               ;
; SCAN_CHAIN                    ; LONG                             ; Untyped               ;
; PRIMARY_CLOCK                 ; INCLK0                           ; Untyped               ;
; INCLK0_INPUT_FREQUENCY        ; 20000                            ; Signed Integer        ;
; INCLK1_INPUT_FREQUENCY        ; 0                                ; Untyped               ;
; GATE_LOCK_SIGNAL              ; NO                               ; Untyped               ;
; GATE_LOCK_COUNTER             ; 0                                ; Untyped               ;
; LOCK_HIGH                     ; 1                                ; Untyped               ;
; LOCK_LOW                      ; 1                                ; Untyped               ;
; VALID_LOCK_MULTIPLIER         ; 1                                ; Untyped               ;
; INVALID_LOCK_MULTIPLIER       ; 5                                ; Untyped               ;
; SWITCH_OVER_ON_LOSSCLK        ; OFF                              ; Untyped               ;
; SWITCH_OVER_ON_GATED_LOCK     ; OFF                              ; Untyped               ;
; ENABLE_SWITCH_OVER_COUNTER    ; OFF                              ; Untyped               ;
; SKIP_VCO                      ; OFF                              ; Untyped               ;
; SWITCH_OVER_COUNTER           ; 0                                ; Untyped               ;
; SWITCH_OVER_TYPE              ; AUTO                             ; Untyped               ;
; FEEDBACK_SOURCE               ; EXTCLK0                          ; Untyped               ;
; BANDWIDTH                     ; 0                                ; Untyped               ;
; BANDWIDTH_TYPE                ; AUTO                             ; Untyped               ;
; SPREAD_FREQUENCY              ; 0                                ; Untyped               ;
; DOWN_SPREAD                   ; 0                                ; Untyped               ;
; SELF_RESET_ON_GATED_LOSS_LOCK ; OFF                              ; Untyped               ;
; SELF_RESET_ON_LOSS_LOCK       ; OFF                              ; Untyped               ;
; CLK9_MULTIPLY_BY              ; 0                                ; Untyped               ;
; CLK8_MULTIPLY_BY              ; 0                                ; Untyped               ;
; CLK7_MULTIPLY_BY              ; 0                                ; Untyped               ;
; CLK6_MULTIPLY_BY              ; 0                                ; Untyped               ;
; CLK5_MULTIPLY_BY              ; 1                                ; Untyped               ;
; CLK4_MULTIPLY_BY              ; 1                                ; Untyped               ;
; CLK3_MULTIPLY_BY              ; 1                                ; Untyped               ;
; CLK2_MULTIPLY_BY              ; 1                                ; Untyped               ;
; CLK1_MULTIPLY_BY              ; 1                                ; Untyped               ;
; CLK0_MULTIPLY_BY              ; 74                               ; Signed Integer        ;
; CLK9_DIVIDE_BY                ; 0                                ; Untyped               ;
; CLK8_DIVIDE_BY                ; 0                                ; Untyped               ;
; CLK7_DIVIDE_BY                ; 0                                ; Untyped               ;
; CLK6_DIVIDE_BY                ; 0                                ; Untyped               ;
; CLK5_DIVIDE_BY                ; 1                                ; Untyped               ;
; CLK4_DIVIDE_BY                ; 1                                ; Untyped               ;
; CLK3_DIVIDE_BY                ; 1                                ; Untyped               ;
; CLK2_DIVIDE_BY                ; 1                                ; Untyped               ;
; CLK1_DIVIDE_BY                ; 1                                ; Untyped               ;
; CLK0_DIVIDE_BY                ; 147                              ; Signed Integer        ;
; CLK9_PHASE_SHIFT              ; 0                                ; Untyped               ;
; CLK8_PHASE_SHIFT              ; 0                                ; Untyped               ;
; CLK7_PHASE_SHIFT              ; 0                                ; Untyped               ;
; CLK6_PHASE_SHIFT              ; 0                                ; Untyped               ;
; CLK5_PHASE_SHIFT              ; 0                                ; Untyped               ;
; CLK4_PHASE_SHIFT              ; 0                                ; Untyped               ;
; CLK3_PHASE_SHIFT              ; 0                                ; Untyped               ;
; CLK2_PHASE_SHIFT              ; 0                                ; Untyped               ;
; CLK1_PHASE_SHIFT              ; 0                                ; Untyped               ;
; CLK0_PHASE_SHIFT              ; 0                                ; Untyped               ;
; CLK5_TIME_DELAY               ; 0                                ; Untyped               ;
; CLK4_TIME_DELAY               ; 0                                ; Untyped               ;
; CLK3_TIME_DELAY               ; 0                                ; Untyped               ;
; CLK2_TIME_DELAY               ; 0                                ; Untyped               ;
; CLK1_TIME_DELAY               ; 0                                ; Untyped               ;
; CLK0_TIME_DELAY               ; 0                                ; Untyped               ;
; CLK9_DUTY_CYCLE               ; 50                               ; Untyped               ;
; CLK8_DUTY_CYCLE               ; 50                               ; Untyped               ;
; CLK7_DUTY_CYCLE               ; 50                               ; Untyped               ;
; CLK6_DUTY_CYCLE               ; 50                               ; Untyped               ;
; CLK5_DUTY_CYCLE               ; 50                               ; Untyped               ;
; CLK4_DUTY_CYCLE               ; 50                               ; Untyped               ;
; CLK3_DUTY_CYCLE               ; 50                               ; Untyped               ;
; CLK2_DUTY_CYCLE               ; 50                               ; Untyped               ;
; CLK1_DUTY_CYCLE               ; 50                               ; Untyped               ;
; CLK0_DUTY_CYCLE               ; 50                               ; Signed Integer        ;
; CLK9_USE_EVEN_COUNTER_MODE    ; OFF                              ; Untyped               ;
; CLK8_USE_EVEN_COUNTER_MODE    ; OFF                              ; Untyped               ;
; CLK7_USE_EVEN_COUNTER_MODE    ; OFF                              ; Untyped               ;
; CLK6_USE_EVEN_COUNTER_MODE    ; OFF                              ; Untyped               ;
; CLK5_USE_EVEN_COUNTER_MODE    ; OFF                              ; Untyped               ;
; CLK4_USE_EVEN_COUNTER_MODE    ; OFF                              ; Untyped               ;
; CLK3_USE_EVEN_COUNTER_MODE    ; OFF                              ; Untyped               ;
; CLK2_USE_EVEN_COUNTER_MODE    ; OFF                              ; Untyped               ;
; CLK1_USE_EVEN_COUNTER_MODE    ; OFF                              ; Untyped               ;
; CLK0_USE_EVEN_COUNTER_MODE    ; OFF                              ; Untyped               ;
; CLK9_USE_EVEN_COUNTER_VALUE   ; OFF                              ; Untyped               ;
; CLK8_USE_EVEN_COUNTER_VALUE   ; OFF                              ; Untyped               ;
; CLK7_USE_EVEN_COUNTER_VALUE   ; OFF                              ; Untyped               ;
; CLK6_USE_EVEN_COUNTER_VALUE   ; OFF                              ; Untyped               ;
; CLK5_USE_EVEN_COUNTER_VALUE   ; OFF                              ; Untyped               ;
; CLK4_USE_EVEN_COUNTER_VALUE   ; OFF                              ; Untyped               ;
; CLK3_USE_EVEN_COUNTER_VALUE   ; OFF                              ; Untyped               ;
; CLK2_USE_EVEN_COUNTER_VALUE   ; OFF                              ; Untyped               ;
; CLK1_USE_EVEN_COUNTER_VALUE   ; OFF                              ; Untyped               ;
; CLK0_USE_EVEN_COUNTER_VALUE   ; OFF                              ; Untyped               ;
; LOCK_WINDOW_UI                ;  0.05                            ; Untyped               ;
; LOCK_WINDOW_UI_BITS           ; UNUSED                           ; Untyped               ;
; VCO_RANGE_DETECTOR_LOW_BITS   ; UNUSED                           ; Untyped               ;
; VCO_RANGE_DETECTOR_HIGH_BITS  ; UNUSED                           ; Untyped               ;
; DPA_MULTIPLY_BY               ; 0                                ; Untyped               ;
; DPA_DIVIDE_BY                 ; 1                                ; Untyped               ;
; DPA_DIVIDER                   ; 0                                ; Untyped               ;
; EXTCLK3_MULTIPLY_BY           ; 1                                ; Untyped               ;
; EXTCLK2_MULTIPLY_BY           ; 1                                ; Untyped               ;
; EXTCLK1_MULTIPLY_BY           ; 1                                ; Untyped               ;
; EXTCLK0_MULTIPLY_BY           ; 1                                ; Untyped               ;
; EXTCLK3_DIVIDE_BY             ; 1                                ; Untyped               ;
; EXTCLK2_DIVIDE_BY             ; 1                                ; Untyped               ;
; EXTCLK1_DIVIDE_BY             ; 1                                ; Untyped               ;
; EXTCLK0_DIVIDE_BY             ; 1                                ; Untyped               ;
; EXTCLK3_PHASE_SHIFT           ; 0                                ; Untyped               ;
; EXTCLK2_PHASE_SHIFT           ; 0                                ; Untyped               ;
; EXTCLK1_PHASE_SHIFT           ; 0                                ; Untyped               ;
; EXTCLK0_PHASE_SHIFT           ; 0                                ; Untyped               ;
; EXTCLK3_TIME_DELAY            ; 0                                ; Untyped               ;
; EXTCLK2_TIME_DELAY            ; 0                                ; Untyped               ;
; EXTCLK1_TIME_DELAY            ; 0                                ; Untyped               ;
; EXTCLK0_TIME_DELAY            ; 0                                ; Untyped               ;
; EXTCLK3_DUTY_CYCLE            ; 50                               ; Untyped               ;
; EXTCLK2_DUTY_CYCLE            ; 50                               ; Untyped               ;
; EXTCLK1_DUTY_CYCLE            ; 50                               ; Untyped               ;
; EXTCLK0_DUTY_CYCLE            ; 50                               ; Untyped               ;
; VCO_MULTIPLY_BY               ; 0                                ; Untyped               ;
; VCO_DIVIDE_BY                 ; 0                                ; Untyped               ;
; SCLKOUT0_PHASE_SHIFT          ; 0                                ; Untyped               ;
; SCLKOUT1_PHASE_SHIFT          ; 0                                ; Untyped               ;
; VCO_MIN                       ; 0                                ; Untyped               ;
; VCO_MAX                       ; 0                                ; Untyped               ;
; VCO_CENTER                    ; 0                                ; Untyped               ;
; PFD_MIN                       ; 0                                ; Untyped               ;
; PFD_MAX                       ; 0                                ; Untyped               ;
; M_INITIAL                     ; 0                                ; Untyped               ;
; M                             ; 0                                ; Untyped               ;
; N                             ; 1                                ; Untyped               ;
; M2                            ; 1                                ; Untyped               ;
; N2                            ; 1                                ; Untyped               ;
; SS                            ; 1                                ; Untyped               ;
; C0_HIGH                       ; 0                                ; Untyped               ;
; C1_HIGH                       ; 0                                ; Untyped               ;
; C2_HIGH                       ; 0                                ; Untyped               ;
; C3_HIGH                       ; 0                                ; Untyped               ;
; C4_HIGH                       ; 0                                ; Untyped               ;
; C5_HIGH                       ; 0                                ; Untyped               ;
; C6_HIGH                       ; 0                                ; Untyped               ;
; C7_HIGH                       ; 0                                ; Untyped               ;
; C8_HIGH                       ; 0                                ; Untyped               ;
; C9_HIGH                       ; 0                                ; Untyped               ;
; C0_LOW                        ; 0                                ; Untyped               ;
; C1_LOW                        ; 0                                ; Untyped               ;
; C2_LOW                        ; 0                                ; Untyped               ;
; C3_LOW                        ; 0                                ; Untyped               ;
; C4_LOW                        ; 0                                ; Untyped               ;
; C5_LOW                        ; 0                                ; Untyped               ;
; C6_LOW                        ; 0                                ; Untyped               ;
; C7_LOW                        ; 0                                ; Untyped               ;
; C8_LOW                        ; 0                                ; Untyped               ;
; C9_LOW                        ; 0                                ; Untyped               ;
; C0_INITIAL                    ; 0                                ; Untyped               ;
; C1_INITIAL                    ; 0                                ; Untyped               ;
; C2_INITIAL                    ; 0                                ; Untyped               ;
; C3_INITIAL                    ; 0                                ; Untyped               ;
; C4_INITIAL                    ; 0                                ; Untyped               ;
; C5_INITIAL                    ; 0                                ; Untyped               ;
; C6_INITIAL                    ; 0                                ; Untyped               ;
; C7_INITIAL                    ; 0                                ; Untyped               ;
; C8_INITIAL                    ; 0                                ; Untyped               ;
; C9_INITIAL                    ; 0                                ; Untyped               ;
; C0_MODE                       ; BYPASS                           ; Untyped               ;
; C1_MODE                       ; BYPASS                           ; Untyped               ;
; C2_MODE                       ; BYPASS                           ; Untyped               ;
; C3_MODE                       ; BYPASS                           ; Untyped               ;
; C4_MODE                       ; BYPASS                           ; Untyped               ;
; C5_MODE                       ; BYPASS                           ; Untyped               ;
; C6_MODE                       ; BYPASS                           ; Untyped               ;
; C7_MODE                       ; BYPASS                           ; Untyped               ;
; C8_MODE                       ; BYPASS                           ; Untyped               ;
; C9_MODE                       ; BYPASS                           ; Untyped               ;
; C0_PH                         ; 0                                ; Untyped               ;
; C1_PH                         ; 0                                ; Untyped               ;
; C2_PH                         ; 0                                ; Untyped               ;
; C3_PH                         ; 0                                ; Untyped               ;
; C4_PH                         ; 0                                ; Untyped               ;
; C5_PH                         ; 0                                ; Untyped               ;
; C6_PH                         ; 0                                ; Untyped               ;
; C7_PH                         ; 0                                ; Untyped               ;
; C8_PH                         ; 0                                ; Untyped               ;
; C9_PH                         ; 0                                ; Untyped               ;
; L0_HIGH                       ; 1                                ; Untyped               ;
; L1_HIGH                       ; 1                                ; Untyped               ;
; G0_HIGH                       ; 1                                ; Untyped               ;
; G1_HIGH                       ; 1                                ; Untyped               ;
; G2_HIGH                       ; 1                                ; Untyped               ;
; G3_HIGH                       ; 1                                ; Untyped               ;
; E0_HIGH                       ; 1                                ; Untyped               ;
; E1_HIGH                       ; 1                                ; Untyped               ;
; E2_HIGH                       ; 1                                ; Untyped               ;
; E3_HIGH                       ; 1                                ; Untyped               ;
; L0_LOW                        ; 1                                ; Untyped               ;
; L1_LOW                        ; 1                                ; Untyped               ;
; G0_LOW                        ; 1                                ; Untyped               ;
; G1_LOW                        ; 1                                ; Untyped               ;
; G2_LOW                        ; 1                                ; Untyped               ;
; G3_LOW                        ; 1                                ; Untyped               ;
; E0_LOW                        ; 1                                ; Untyped               ;
; E1_LOW                        ; 1                                ; Untyped               ;
; E2_LOW                        ; 1                                ; Untyped               ;
; E3_LOW                        ; 1                                ; Untyped               ;
; L0_INITIAL                    ; 1                                ; Untyped               ;
; L1_INITIAL                    ; 1                                ; Untyped               ;
; G0_INITIAL                    ; 1                                ; Untyped               ;
; G1_INITIAL                    ; 1                                ; Untyped               ;
; G2_INITIAL                    ; 1                                ; Untyped               ;
; G3_INITIAL                    ; 1                                ; Untyped               ;
; E0_INITIAL                    ; 1                                ; Untyped               ;
; E1_INITIAL                    ; 1                                ; Untyped               ;
; E2_INITIAL                    ; 1                                ; Untyped               ;
; E3_INITIAL                    ; 1                                ; Untyped               ;
; L0_MODE                       ; BYPASS                           ; Untyped               ;
; L1_MODE                       ; BYPASS                           ; Untyped               ;
; G0_MODE                       ; BYPASS                           ; Untyped               ;
; G1_MODE                       ; BYPASS                           ; Untyped               ;
; G2_MODE                       ; BYPASS                           ; Untyped               ;
; G3_MODE                       ; BYPASS                           ; Untyped               ;
; E0_MODE                       ; BYPASS                           ; Untyped               ;
; E1_MODE                       ; BYPASS                           ; Untyped               ;
; E2_MODE                       ; BYPASS                           ; Untyped               ;
; E3_MODE                       ; BYPASS                           ; Untyped               ;
; L0_PH                         ; 0                                ; Untyped               ;
; L1_PH                         ; 0                                ; Untyped               ;
; G0_PH                         ; 0                                ; Untyped               ;
; G1_PH                         ; 0                                ; Untyped               ;
; G2_PH                         ; 0                                ; Untyped               ;
; G3_PH                         ; 0                                ; Untyped               ;
; E0_PH                         ; 0                                ; Untyped               ;
; E1_PH                         ; 0                                ; Untyped               ;
; E2_PH                         ; 0                                ; Untyped               ;
; E3_PH                         ; 0                                ; Untyped               ;
; M_PH                          ; 0                                ; Untyped               ;
; C1_USE_CASC_IN                ; OFF                              ; Untyped               ;
; C2_USE_CASC_IN                ; OFF                              ; Untyped               ;
; C3_USE_CASC_IN                ; OFF                              ; Untyped               ;
; C4_USE_CASC_IN                ; OFF                              ; Untyped               ;
; C5_USE_CASC_IN                ; OFF                              ; Untyped               ;
; C6_USE_CASC_IN                ; OFF                              ; Untyped               ;
; C7_USE_CASC_IN                ; OFF                              ; Untyped               ;
; C8_USE_CASC_IN                ; OFF                              ; Untyped               ;
; C9_USE_CASC_IN                ; OFF                              ; Untyped               ;
; CLK0_COUNTER                  ; G0                               ; Untyped               ;
; CLK1_COUNTER                  ; G0                               ; Untyped               ;
; CLK2_COUNTER                  ; G0                               ; Untyped               ;
; CLK3_COUNTER                  ; G0                               ; Untyped               ;
; CLK4_COUNTER                  ; G0                               ; Untyped               ;
; CLK5_COUNTER                  ; G0                               ; Untyped               ;
; CLK6_COUNTER                  ; E0                               ; Untyped               ;
; CLK7_COUNTER                  ; E1                               ; Untyped               ;
; CLK8_COUNTER                  ; E2                               ; Untyped               ;
; CLK9_COUNTER                  ; E3                               ; Untyped               ;
; L0_TIME_DELAY                 ; 0                                ; Untyped               ;
; L1_TIME_DELAY                 ; 0                                ; Untyped               ;
; G0_TIME_DELAY                 ; 0                                ; Untyped               ;
; G1_TIME_DELAY                 ; 0                                ; Untyped               ;
; G2_TIME_DELAY                 ; 0                                ; Untyped               ;
; G3_TIME_DELAY                 ; 0                                ; Untyped               ;
; E0_TIME_DELAY                 ; 0                                ; Untyped               ;
; E1_TIME_DELAY                 ; 0                                ; Untyped               ;
; E2_TIME_DELAY                 ; 0                                ; Untyped               ;
; E3_TIME_DELAY                 ; 0                                ; Untyped               ;
; M_TIME_DELAY                  ; 0                                ; Untyped               ;
; N_TIME_DELAY                  ; 0                                ; Untyped               ;
; EXTCLK3_COUNTER               ; E3                               ; Untyped               ;
; EXTCLK2_COUNTER               ; E2                               ; Untyped               ;
; EXTCLK1_COUNTER               ; E1                               ; Untyped               ;
; EXTCLK0_COUNTER               ; E0                               ; Untyped               ;
; ENABLE0_COUNTER               ; L0                               ; Untyped               ;
; ENABLE1_COUNTER               ; L0                               ; Untyped               ;
; CHARGE_PUMP_CURRENT           ; 2                                ; Untyped               ;
; LOOP_FILTER_R                 ;  1.000000                        ; Untyped               ;
; LOOP_FILTER_C                 ; 5                                ; Untyped               ;
; CHARGE_PUMP_CURRENT_BITS      ; 9999                             ; Untyped               ;
; LOOP_FILTER_R_BITS            ; 9999                             ; Untyped               ;
; LOOP_FILTER_C_BITS            ; 9999                             ; Untyped               ;
; VCO_POST_SCALE                ; 0                                ; Untyped               ;
; CLK2_OUTPUT_FREQUENCY         ; 0                                ; Untyped               ;
; CLK1_OUTPUT_FREQUENCY         ; 0                                ; Untyped               ;
; CLK0_OUTPUT_FREQUENCY         ; 0                                ; Untyped               ;
; INTENDED_DEVICE_FAMILY        ; MAX 10                           ; Untyped               ;
; PORT_CLKENA0                  ; PORT_UNUSED                      ; Untyped               ;
; PORT_CLKENA1                  ; PORT_UNUSED                      ; Untyped               ;
; PORT_CLKENA2                  ; PORT_UNUSED                      ; Untyped               ;
; PORT_CLKENA3                  ; PORT_UNUSED                      ; Untyped               ;
; PORT_CLKENA4                  ; PORT_UNUSED                      ; Untyped               ;
; PORT_CLKENA5                  ; PORT_UNUSED                      ; Untyped               ;
; PORT_EXTCLKENA0               ; PORT_CONNECTIVITY                ; Untyped               ;
; PORT_EXTCLKENA1               ; PORT_CONNECTIVITY                ; Untyped               ;
; PORT_EXTCLKENA2               ; PORT_CONNECTIVITY                ; Untyped               ;
; PORT_EXTCLKENA3               ; PORT_CONNECTIVITY                ; Untyped               ;
; PORT_EXTCLK0                  ; PORT_UNUSED                      ; Untyped               ;
; PORT_EXTCLK1                  ; PORT_UNUSED                      ; Untyped               ;
; PORT_EXTCLK2                  ; PORT_UNUSED                      ; Untyped               ;
; PORT_EXTCLK3                  ; PORT_UNUSED                      ; Untyped               ;
; PORT_CLKBAD0                  ; PORT_UNUSED                      ; Untyped               ;
; PORT_CLKBAD1                  ; PORT_UNUSED                      ; Untyped               ;
; PORT_CLK0                     ; PORT_USED                        ; Untyped               ;
; PORT_CLK1                     ; PORT_UNUSED                      ; Untyped               ;
; PORT_CLK2                     ; PORT_UNUSED                      ; Untyped               ;
; PORT_CLK3                     ; PORT_UNUSED                      ; Untyped               ;
; PORT_CLK4                     ; PORT_UNUSED                      ; Untyped               ;
; PORT_CLK5                     ; PORT_UNUSED                      ; Untyped               ;
; PORT_CLK6                     ; PORT_UNUSED                      ; Untyped               ;
; PORT_CLK7                     ; PORT_UNUSED                      ; Untyped               ;
; PORT_CLK8                     ; PORT_UNUSED                      ; Untyped               ;
; PORT_CLK9                     ; PORT_UNUSED                      ; Untyped               ;
; PORT_SCANDATA                 ; PORT_UNUSED                      ; Untyped               ;
; PORT_SCANDATAOUT              ; PORT_UNUSED                      ; Untyped               ;
; PORT_SCANDONE                 ; PORT_UNUSED                      ; Untyped               ;
; PORT_SCLKOUT1                 ; PORT_CONNECTIVITY                ; Untyped               ;
; PORT_SCLKOUT0                 ; PORT_CONNECTIVITY                ; Untyped               ;
; PORT_ACTIVECLOCK              ; PORT_UNUSED                      ; Untyped               ;
; PORT_CLKLOSS                  ; PORT_UNUSED                      ; Untyped               ;
; PORT_INCLK1                   ; PORT_UNUSED                      ; Untyped               ;
; PORT_INCLK0                   ; PORT_USED                        ; Untyped               ;
; PORT_FBIN                     ; PORT_UNUSED                      ; Untyped               ;
; PORT_PLLENA                   ; PORT_UNUSED                      ; Untyped               ;
; PORT_CLKSWITCH                ; PORT_UNUSED                      ; Untyped               ;
; PORT_ARESET                   ; PORT_UNUSED                      ; Untyped               ;
; PORT_PFDENA                   ; PORT_UNUSED                      ; Untyped               ;
; PORT_SCANCLK                  ; PORT_UNUSED                      ; Untyped               ;
; PORT_SCANACLR                 ; PORT_UNUSED                      ; Untyped               ;
; PORT_SCANREAD                 ; PORT_UNUSED                      ; Untyped               ;
; PORT_SCANWRITE                ; PORT_UNUSED                      ; Untyped               ;
; PORT_ENABLE0                  ; PORT_CONNECTIVITY                ; Untyped               ;
; PORT_ENABLE1                  ; PORT_CONNECTIVITY                ; Untyped               ;
; PORT_LOCKED                   ; PORT_UNUSED                      ; Untyped               ;
; PORT_CONFIGUPDATE             ; PORT_UNUSED                      ; Untyped               ;
; PORT_FBOUT                    ; PORT_CONNECTIVITY                ; Untyped               ;
; PORT_PHASEDONE                ; PORT_UNUSED                      ; Untyped               ;
; PORT_PHASESTEP                ; PORT_UNUSED                      ; Untyped               ;
; PORT_PHASEUPDOWN              ; PORT_UNUSED                      ; Untyped               ;
; PORT_SCANCLKENA               ; PORT_UNUSED                      ; Untyped               ;
; PORT_PHASECOUNTERSELECT       ; PORT_UNUSED                      ; Untyped               ;
; PORT_VCOOVERRANGE             ; PORT_CONNECTIVITY                ; Untyped               ;
; PORT_VCOUNDERRANGE            ; PORT_CONNECTIVITY                ; Untyped               ;
; M_TEST_SOURCE                 ; 5                                ; Untyped               ;
; C0_TEST_SOURCE                ; 5                                ; Untyped               ;
; C1_TEST_SOURCE                ; 5                                ; Untyped               ;
; C2_TEST_SOURCE                ; 5                                ; Untyped               ;
; C3_TEST_SOURCE                ; 5                                ; Untyped               ;
; C4_TEST_SOURCE                ; 5                                ; Untyped               ;
; C5_TEST_SOURCE                ; 5                                ; Untyped               ;
; C6_TEST_SOURCE                ; 5                                ; Untyped               ;
; C7_TEST_SOURCE                ; 5                                ; Untyped               ;
; C8_TEST_SOURCE                ; 5                                ; Untyped               ;
; C9_TEST_SOURCE                ; 5                                ; Untyped               ;
; CBXI_PARAMETER                ; vga_pll_25_175_altpll            ; Untyped               ;
; VCO_FREQUENCY_CONTROL         ; AUTO                             ; Untyped               ;
; VCO_PHASE_SHIFT_STEP          ; 0                                ; Untyped               ;
; WIDTH_CLOCK                   ; 5                                ; Signed Integer        ;
; WIDTH_PHASECOUNTERSELECT      ; 4                                ; Untyped               ;
; USING_FBMIMICBIDIR_PORT       ; OFF                              ; Untyped               ;
; DEVICE_FAMILY                 ; MAX 10                           ; Untyped               ;
; SCAN_CHAIN_MIF_FILE           ; UNUSED                           ; Untyped               ;
; SIM_GATE_LOCK_DEVICE_BEHAVIOR ; OFF                              ; Untyped               ;
; AUTO_CARRY_CHAINS             ; ON                               ; AUTO_CARRY            ;
; IGNORE_CARRY_BUFFERS          ; OFF                              ; IGNORE_CARRY          ;
; AUTO_CASCADE_CHAINS           ; ON                               ; AUTO_CASCADE          ;
; IGNORE_CASCADE_BUFFERS        ; OFF                              ; IGNORE_CASCADE        ;
+-------------------------------+----------------------------------+-----------------------+
Note: In order to hide this table in the UI and the text report file, please set the "Show Parameter Settings in Synthesis Report" option in "Analysis and Synthesis Settings -> More Settings" to "Off".


+--------------------------------------------------------------------------+
; Parameter Settings for User Entity Instance: vga_controller:VGA_CONTROLL ;
+----------------+-------+-------------------------------------------------+
; Parameter Name ; Value ; Type                                            ;
+----------------+-------+-------------------------------------------------+
; h_pulse        ; 96    ; Signed Integer                                  ;
; h_bp           ; 48    ; Signed Integer                                  ;
; h_pixels       ; 640   ; Signed Integer                                  ;
; h_fp           ; 16    ; Signed Integer                                  ;
; h_pol          ; '0'   ; Enumerated                                      ;
; v_pulse        ; 2     ; Signed Integer                                  ;
; v_bp           ; 33    ; Signed Integer                                  ;
; v_pixels       ; 480   ; Signed Integer                                  ;
; v_fp           ; 10    ; Signed Integer                                  ;
; v_pol          ; '0'   ; Enumerated                                      ;
+----------------+-------+-------------------------------------------------+
Note: In order to hide this table in the UI and the text report file, please set the "Show Parameter Settings in Synthesis Report" option in "Analysis and Synthesis Settings -> More Settings" to "Off".


+-----------------------------------------------------------------------------+
; altpll Parameter Settings by Entity Instance                                ;
+-------------------------------+---------------------------------------------+
; Name                          ; Value                                       ;
+-------------------------------+---------------------------------------------+
; Number of entity instances    ; 1                                           ;
; Entity Instance               ; vga_pll_25_175:PLL1|altpll:altpll_component ;
;     -- OPERATION_MODE         ; NORMAL                                      ;
;     -- PLL_TYPE               ; AUTO                                        ;
;     -- PRIMARY_CLOCK          ; INCLK0                                      ;
;     -- INCLK0_INPUT_FREQUENCY ; 20000                                       ;
;     -- INCLK1_INPUT_FREQUENCY ; 0                                           ;
;     -- VCO_MULTIPLY_BY        ; 0                                           ;
;     -- VCO_DIVIDE_BY          ; 0                                           ;
+-------------------------------+---------------------------------------------+


+--------------------------------------------------+
; Port Connectivity Checks: "bin2seg7:DIAGNOSTIC4" ;
+-----------+-------+----------+-------------------+
; Port      ; Type  ; Severity ; Details           ;
+-----------+-------+----------+-------------------+
; enable    ; Input ; Info     ; Stuck at VCC      ;
; disppoint ; Input ; Info     ; Stuck at GND      ;
+-----------+-------+----------+-------------------+


+--------------------------------------------------+
; Port Connectivity Checks: "bin2seg7:DIAGNOSTIC3" ;
+-----------+-------+----------+-------------------+
; Port      ; Type  ; Severity ; Details           ;
+-----------+-------+----------+-------------------+
; enable    ; Input ; Info     ; Stuck at VCC      ;
; disppoint ; Input ; Info     ; Stuck at GND      ;
+-----------+-------+----------+-------------------+


+--------------------------------------------------+
; Port Connectivity Checks: "bin2seg7:DIAGNOSTIC2" ;
+-----------+-------+----------+-------------------+
; Port      ; Type  ; Severity ; Details           ;
+-----------+-------+----------+-------------------+
; enable    ; Input ; Info     ; Stuck at VCC      ;
; disppoint ; Input ; Info     ; Stuck at GND      ;
+-----------+-------+----------+-------------------+


+--------------------------------------------------+
; Port Connectivity Checks: "bin2seg7:DIAGNOSTIC1" ;
+-----------+-------+----------+-------------------+
; Port      ; Type  ; Severity ; Details           ;
+-----------+-------+----------+-------------------+
; enable    ; Input ; Info     ; Stuck at VCC      ;
; disppoint ; Input ; Info     ; Stuck at GND      ;
+-----------+-------+----------+-------------------+


+---------------------------------------------------------------------------------------------------------------------------------------------+
; Port Connectivity Checks: "score:TEST1"                                                                                                     ;
+--------------+--------+----------+----------------------------------------------------------------------------------------------------------+
; Port         ; Type   ; Severity ; Details                                                                                                  ;
+--------------+--------+----------+----------------------------------------------------------------------------------------------------------+
; box.x_origin ; Input  ; Info     ; Stuck at GND                                                                                             ;
; box.y_origin ; Input  ; Info     ; Stuck at GND                                                                                             ;
; score_in     ; Input  ; Info     ; Stuck at GND                                                                                             ;
; in_bounds    ; Output ; Warning  ; Declared by entity but not connected by instance. Logic that only feeds a dangling port will be removed. ;
+--------------+--------+----------+----------------------------------------------------------------------------------------------------------+


+--------------------------------------------------------------------------------------------------------------------------+
; Port Connectivity Checks: "vga_controller:VGA_CONTROLL"                                                                  ;
+----------------+--------+----------+-------------------------------------------------------------------------------------+
; Port           ; Type   ; Severity ; Details                                                                             ;
+----------------+--------+----------+-------------------------------------------------------------------------------------+
; reset_n        ; Input  ; Info     ; Stuck at VCC                                                                        ;
; column[31..10] ; Output ; Info     ; Connected to dangling logic. Logic that only feeds a dangling port will be removed. ;
; row[31..9]     ; Output ; Info     ; Connected to dangling logic. Logic that only feeds a dangling port will be removed. ;
; n_blank        ; Output ; Info     ; Connected to dangling logic. Logic that only feeds a dangling port will be removed. ;
; n_sync         ; Output ; Info     ; Connected to dangling logic. Logic that only feeds a dangling port will be removed. ;
+----------------+--------+----------+-------------------------------------------------------------------------------------+


+-----------------------------------------------------+
; Post-Synthesis Netlist Statistics for Top Partition ;
+-----------------------+-----------------------------+
; Type                  ; Count                       ;
+-----------------------+-----------------------------+
; boundary_port         ; 49                          ;
; cycloneiii_ff         ; 35                          ;
;     ENA               ; 12                          ;
;     plain             ; 23                          ;
; cycloneiii_lcell_comb ; 61                          ;
;     arith             ; 18                          ;
;         2 data inputs ; 18                          ;
;     normal            ; 43                          ;
;         0 data inputs ; 2                           ;
;         1 data inputs ; 2                           ;
;         2 data inputs ; 11                          ;
;         3 data inputs ; 4                           ;
;         4 data inputs ; 24                          ;
; cycloneiii_pll        ; 1                           ;
;                       ;                             ;
; Max LUT depth         ; 6.00                        ;
; Average LUT depth     ; 4.03                        ;
+-----------------------+-----------------------------+


+-------------------------------+
; Elapsed Time Per Partition    ;
+----------------+--------------+
; Partition Name ; Elapsed Time ;
+----------------+--------------+
; Top            ; 00:00:00     ;
+----------------+--------------+


+-------------------------------+
; Analysis & Synthesis Messages ;
+-------------------------------+
Info: *******************************************************************
Info: Running Quartus Prime Analysis & Synthesis
    Info: Version 20.1.1 Build 720 11/11/2020 SJ Lite Edition
    Info: Processing started: Tue Nov  9 17:59:23 2021
Info: Command: quartus_map --read_settings_files=on --write_settings_files=off final_project -c final_project
Warning (18236): Number of processors has not been specified which may cause overloading on shared machines.  Set the global assignment NUM_PARALLEL_PROCESSORS in your QSF to an appropriate value for best performance.
Info (20030): Parallel compilation is enabled and will use 8 of the 8 processors detected
Info (12021): Found 2 design units, including 1 entities, in source file /home/jon/github/FPGADefender/components/clk_div.vhdl
    Info (12022): Found design unit 1: clk_div-rtl File: /home/jon/github/FPGADefender/components/clk_div.vhdl Line: 14
    Info (12023): Found entity 1: clk_div File: /home/jon/github/FPGADefender/components/clk_div.vhdl Line: 6
Info (12021): Found 2 design units, including 0 entities, in source file /home/jon/github/FPGADefender/components/my_data_types.vhdl
    Info (12022): Found design unit 1: my_data_types File: /home/jon/github/FPGADefender/components/my_data_types.vhdl Line: 7
    Info (12022): Found design unit 2: my_data_types-body File: /home/jon/github/FPGADefender/components/my_data_types.vhdl Line: 37
Info (12021): Found 2 design units, including 1 entities, in source file /home/jon/github/FPGADefender/project_top_level.vhd
    Info (12022): Found design unit 1: project_top_level-rtl File: /home/jon/github/FPGADefender/project_top_level.vhd Line: 23
    Info (12023): Found entity 1: project_top_level File: /home/jon/github/FPGADefender/project_top_level.vhd Line: 8
Info (12021): Found 2 design units, including 1 entities, in source file /home/jon/github/FPGADefender/components/rng/pseudorandom_8.vhdl
    Info (12022): Found design unit 1: pseudorandom_8-behavior File: /home/jon/github/FPGADefender/components/rng/pseudorandom_8.vhdl Line: 16
    Info (12023): Found entity 1: pseudorandom_8 File: /home/jon/github/FPGADefender/components/rng/pseudorandom_8.vhdl Line: 6
Info (12021): Found 2 design units, including 1 entities, in source file /home/jon/github/FPGADefender/components/rng/lsfr_base.vhdl
    Info (12022): Found design unit 1: lsfr_base-behavior File: /home/jon/github/FPGADefender/components/rng/lsfr_base.vhdl Line: 19
    Info (12023): Found entity 1: lsfr_base File: /home/jon/github/FPGADefender/components/rng/lsfr_base.vhdl Line: 6
Info (12021): Found 2 design units, including 1 entities, in source file /home/jon/github/FPGADefender/components/vga/vga_pll_25_175.vhd
    Info (12022): Found design unit 1: vga_pll_25_175-SYN File: /home/jon/github/FPGADefender/components/vga/vga_pll_25_175.vhd Line: 51
    Info (12023): Found entity 1: vga_pll_25_175 File: /home/jon/github/FPGADefender/components/vga/vga_pll_25_175.vhd Line: 42
Info (12021): Found 2 design units, including 1 entities, in source file /home/jon/github/FPGADefender/components/vga/vga_controller.vhd
    Info (12022): Found design unit 1: vga_controller-behavior File: /home/jon/github/FPGADefender/components/vga/vga_controller.vhd Line: 52
    Info (12023): Found entity 1: vga_controller File: /home/jon/github/FPGADefender/components/vga/vga_controller.vhd Line: 28
Info (12021): Found 2 design units, including 1 entities, in source file /home/jon/github/FPGADefender/components/score.vhdl
    Info (12022): Found design unit 1: score-rtl File: /home/jon/github/FPGADefender/components/score.vhdl Line: 18
    Info (12023): Found entity 1: score File: /home/jon/github/FPGADefender/components/score.vhdl Line: 8
Info (12021): Found 2 design units, including 1 entities, in source file /home/jon/github/FPGADefender/components/counter.vhdl
    Info (12022): Found design unit 1: counter-rtl File: /home/jon/github/FPGADefender/components/counter.vhdl Line: 19
    Info (12023): Found entity 1: counter File: /home/jon/github/FPGADefender/components/counter.vhdl Line: 5
Info (12021): Found 2 design units, including 1 entities, in source file /home/jon/github/FPGADefender/components/bin2seg7.vhdl
    Info (12022): Found design unit 1: bin2seg7-behavior File: /home/jon/github/FPGADefender/components/bin2seg7.vhdl Line: 13
    Info (12023): Found entity 1: bin2seg7 File: /home/jon/github/FPGADefender/components/bin2seg7.vhdl Line: 4
Info (12021): Found 1 design units, including 1 entities, in source file DE10_LITE_Golden_Top.v
    Info (12023): Found entity 1: DE10_LITE_Golden_Top File: /home/jon/github/FPGADefender/quartus/DE10_LITE_Golden_Top.v Line: 29
Info (12127): Elaborating entity "project_top_level" for the top level hierarchy
Warning (10541): VHDL Signal Declaration warning at project_top_level.vhd(94): used implicit default value for signal "rand_x_pos" because signal was never assigned a value or an explicit default value. Use of implicit default value may introduce unintended design optimizations. File: /home/jon/github/FPGADefender/project_top_level.vhd Line: 94
Warning (10541): VHDL Signal Declaration warning at project_top_level.vhd(95): used implicit default value for signal "rand_y_pos" because signal was never assigned a value or an explicit default value. Use of implicit default value may introduce unintended design optimizations. File: /home/jon/github/FPGADefender/project_top_level.vhd Line: 95
Info (12128): Elaborating entity "vga_pll_25_175" for hierarchy "vga_pll_25_175:PLL1" File: /home/jon/github/FPGADefender/project_top_level.vhd Line: 99
Info (12128): Elaborating entity "altpll" for hierarchy "vga_pll_25_175:PLL1|altpll:altpll_component" File: /home/jon/github/FPGADefender/components/vga/vga_pll_25_175.vhd Line: 133
Info (12130): Elaborated megafunction instantiation "vga_pll_25_175:PLL1|altpll:altpll_component" File: /home/jon/github/FPGADefender/components/vga/vga_pll_25_175.vhd Line: 133
Info (12133): Instantiated megafunction "vga_pll_25_175:PLL1|altpll:altpll_component" with the following parameter: File: /home/jon/github/FPGADefender/components/vga/vga_pll_25_175.vhd Line: 133
    Info (12134): Parameter "bandwidth_type" = "AUTO"
    Info (12134): Parameter "clk0_divide_by" = "147"
    Info (12134): Parameter "clk0_duty_cycle" = "50"
    Info (12134): Parameter "clk0_multiply_by" = "74"
    Info (12134): Parameter "clk0_phase_shift" = "0"
    Info (12134): Parameter "compensate_clock" = "CLK0"
    Info (12134): Parameter "inclk0_input_frequency" = "20000"
    Info (12134): Parameter "intended_device_family" = "MAX 10"
    Info (12134): Parameter "lpm_hint" = "CBX_MODULE_PREFIX=vga_pll_25_175"
    Info (12134): Parameter "lpm_type" = "altpll"
    Info (12134): Parameter "operation_mode" = "NORMAL"
    Info (12134): Parameter "pll_type" = "AUTO"
    Info (12134): Parameter "port_activeclock" = "PORT_UNUSED"
    Info (12134): Parameter "port_areset" = "PORT_UNUSED"
    Info (12134): Parameter "port_clkbad0" = "PORT_UNUSED"
    Info (12134): Parameter "port_clkbad1" = "PORT_UNUSED"
    Info (12134): Parameter "port_clkloss" = "PORT_UNUSED"
    Info (12134): Parameter "port_clkswitch" = "PORT_UNUSED"
    Info (12134): Parameter "port_configupdate" = "PORT_UNUSED"
    Info (12134): Parameter "port_fbin" = "PORT_UNUSED"
    Info (12134): Parameter "port_inclk0" = "PORT_USED"
    Info (12134): Parameter "port_inclk1" = "PORT_UNUSED"
    Info (12134): Parameter "port_locked" = "PORT_UNUSED"
    Info (12134): Parameter "port_pfdena" = "PORT_UNUSED"
    Info (12134): Parameter "port_phasecounterselect" = "PORT_UNUSED"
    Info (12134): Parameter "port_phasedone" = "PORT_UNUSED"
    Info (12134): Parameter "port_phasestep" = "PORT_UNUSED"
    Info (12134): Parameter "port_phaseupdown" = "PORT_UNUSED"
    Info (12134): Parameter "port_pllena" = "PORT_UNUSED"
    Info (12134): Parameter "port_scanaclr" = "PORT_UNUSED"
    Info (12134): Parameter "port_scanclk" = "PORT_UNUSED"
    Info (12134): Parameter "port_scanclkena" = "PORT_UNUSED"
    Info (12134): Parameter "port_scandata" = "PORT_UNUSED"
    Info (12134): Parameter "port_scandataout" = "PORT_UNUSED"
    Info (12134): Parameter "port_scandone" = "PORT_UNUSED"
    Info (12134): Parameter "port_scanread" = "PORT_UNUSED"
    Info (12134): Parameter "port_scanwrite" = "PORT_UNUSED"
    Info (12134): Parameter "port_clk0" = "PORT_USED"
    Info (12134): Parameter "port_clk1" = "PORT_UNUSED"
    Info (12134): Parameter "port_clk2" = "PORT_UNUSED"
    Info (12134): Parameter "port_clk3" = "PORT_UNUSED"
    Info (12134): Parameter "port_clk4" = "PORT_UNUSED"
    Info (12134): Parameter "port_clk5" = "PORT_UNUSED"
    Info (12134): Parameter "port_clkena0" = "PORT_UNUSED"
    Info (12134): Parameter "port_clkena1" = "PORT_UNUSED"
    Info (12134): Parameter "port_clkena2" = "PORT_UNUSED"
    Info (12134): Parameter "port_clkena3" = "PORT_UNUSED"
    Info (12134): Parameter "port_clkena4" = "PORT_UNUSED"
    Info (12134): Parameter "port_clkena5" = "PORT_UNUSED"
    Info (12134): Parameter "port_extclk0" = "PORT_UNUSED"
    Info (12134): Parameter "port_extclk1" = "PORT_UNUSED"
    Info (12134): Parameter "port_extclk2" = "PORT_UNUSED"
    Info (12134): Parameter "port_extclk3" = "PORT_UNUSED"
    Info (12134): Parameter "width_clock" = "5"
Info (12021): Found 1 design units, including 1 entities, in source file db/vga_pll_25_175_altpll.v
    Info (12023): Found entity 1: vga_pll_25_175_altpll File: /home/jon/github/FPGADefender/quartus/db/vga_pll_25_175_altpll.v Line: 30
Info (12128): Elaborating entity "vga_pll_25_175_altpll" for hierarchy "vga_pll_25_175:PLL1|altpll:altpll_component|vga_pll_25_175_altpll:auto_generated" File: /storage/large_programs/quartus/libraries/megafunctions/altpll.tdf Line: 898
Info (12128): Elaborating entity "vga_controller" for hierarchy "vga_controller:VGA_CONTROLL" File: /home/jon/github/FPGADefender/project_top_level.vhd Line: 101
Info (12128): Elaborating entity "score" for hierarchy "score:TEST1" File: /home/jon/github/FPGADefender/project_top_level.vhd Line: 126
Warning (10540): VHDL Signal Declaration warning at score.vhdl(21): used explicit default value for signal "bit_map" because signal was never assigned a value File: /home/jon/github/FPGADefender/components/score.vhdl Line: 21
Info (12128): Elaborating entity "bin2seg7" for hierarchy "bin2seg7:DIAGNOSTIC1" File: /home/jon/github/FPGADefender/project_top_level.vhd Line: 133
Warning (12241): 1 hierarchies have connectivity warnings - see the Connectivity Checks report folder
Warning (13024): Output pins are stuck at VCC or GND
    Warning (13410): Pin "HEX0[0]" is stuck at GND File: /home/jon/github/FPGADefender/project_top_level.vhd Line: 17
    Warning (13410): Pin "HEX0[1]" is stuck at GND File: /home/jon/github/FPGADefender/project_top_level.vhd Line: 17
    Warning (13410): Pin "HEX0[2]" is stuck at GND File: /home/jon/github/FPGADefender/project_top_level.vhd Line: 17
    Warning (13410): Pin "HEX0[3]" is stuck at GND File: /home/jon/github/FPGADefender/project_top_level.vhd Line: 17
    Warning (13410): Pin "HEX0[4]" is stuck at GND File: /home/jon/github/FPGADefender/project_top_level.vhd Line: 17
    Warning (13410): Pin "HEX0[5]" is stuck at GND File: /home/jon/github/FPGADefender/project_top_level.vhd Line: 17
    Warning (13410): Pin "HEX0[6]" is stuck at VCC File: /home/jon/github/FPGADefender/project_top_level.vhd Line: 17
    Warning (13410): Pin "HEX0[7]" is stuck at VCC File: /home/jon/github/FPGADefender/project_top_level.vhd Line: 17
    Warning (13410): Pin "HEX1[0]" is stuck at GND File: /home/jon/github/FPGADefender/project_top_level.vhd Line: 17
    Warning (13410): Pin "HEX1[1]" is stuck at GND File: /home/jon/github/FPGADefender/project_top_level.vhd Line: 17
    Warning (13410): Pin "HEX1[2]" is stuck at GND File: /home/jon/github/FPGADefender/project_top_level.vhd Line: 17
    Warning (13410): Pin "HEX1[3]" is stuck at GND File: /home/jon/github/FPGADefender/project_top_level.vhd Line: 17
    Warning (13410): Pin "HEX1[4]" is stuck at GND File: /home/jon/github/FPGADefender/project_top_level.vhd Line: 17
    Warning (13410): Pin "HEX1[5]" is stuck at GND File: /home/jon/github/FPGADefender/project_top_level.vhd Line: 17
    Warning (13410): Pin "HEX1[6]" is stuck at VCC File: /home/jon/github/FPGADefender/project_top_level.vhd Line: 17
    Warning (13410): Pin "HEX1[7]" is stuck at VCC File: /home/jon/github/FPGADefender/project_top_level.vhd Line: 17
    Warning (13410): Pin "HEX2[0]" is stuck at GND File: /home/jon/github/FPGADefender/project_top_level.vhd Line: 17
    Warning (13410): Pin "HEX2[1]" is stuck at GND File: /home/jon/github/FPGADefender/project_top_level.vhd Line: 17
    Warning (13410): Pin "HEX2[2]" is stuck at GND File: /home/jon/github/FPGADefender/project_top_level.vhd Line: 17
    Warning (13410): Pin "HEX2[3]" is stuck at GND File: /home/jon/github/FPGADefender/project_top_level.vhd Line: 17
    Warning (13410): Pin "HEX2[4]" is stuck at GND File: /home/jon/github/FPGADefender/project_top_level.vhd Line: 17
    Warning (13410): Pin "HEX2[5]" is stuck at GND File: /home/jon/github/FPGADefender/project_top_level.vhd Line: 17
    Warning (13410): Pin "HEX2[6]" is stuck at VCC File: /home/jon/github/FPGADefender/project_top_level.vhd Line: 17
    Warning (13410): Pin "HEX2[7]" is stuck at VCC File: /home/jon/github/FPGADefender/project_top_level.vhd Line: 17
    Warning (13410): Pin "HEX3[0]" is stuck at GND File: /home/jon/github/FPGADefender/project_top_level.vhd Line: 17
    Warning (13410): Pin "HEX3[1]" is stuck at GND File: /home/jon/github/FPGADefender/project_top_level.vhd Line: 17
    Warning (13410): Pin "HEX3[2]" is stuck at GND File: /home/jon/github/FPGADefender/project_top_level.vhd Line: 17
    Warning (13410): Pin "HEX3[3]" is stuck at GND File: /home/jon/github/FPGADefender/project_top_level.vhd Line: 17
    Warning (13410): Pin "HEX3[4]" is stuck at GND File: /home/jon/github/FPGADefender/project_top_level.vhd Line: 17
    Warning (13410): Pin "HEX3[5]" is stuck at GND File: /home/jon/github/FPGADefender/project_top_level.vhd Line: 17
    Warning (13410): Pin "HEX3[6]" is stuck at VCC File: /home/jon/github/FPGADefender/project_top_level.vhd Line: 17
    Warning (13410): Pin "HEX3[7]" is stuck at VCC File: /home/jon/github/FPGADefender/project_top_level.vhd Line: 17
    Warning (13410): Pin "VGA_G[0]" is stuck at GND File: /home/jon/github/FPGADefender/project_top_level.vhd Line: 19
    Warning (13410): Pin "VGA_G[1]" is stuck at GND File: /home/jon/github/FPGADefender/project_top_level.vhd Line: 19
    Warning (13410): Pin "VGA_G[2]" is stuck at GND File: /home/jon/github/FPGADefender/project_top_level.vhd Line: 19
    Warning (13410): Pin "VGA_G[3]" is stuck at GND File: /home/jon/github/FPGADefender/project_top_level.vhd Line: 19
    Warning (13410): Pin "VGA_B[0]" is stuck at GND File: /home/jon/github/FPGADefender/project_top_level.vhd Line: 19
    Warning (13410): Pin "VGA_B[1]" is stuck at GND File: /home/jon/github/FPGADefender/project_top_level.vhd Line: 19
    Warning (13410): Pin "VGA_B[2]" is stuck at GND File: /home/jon/github/FPGADefender/project_top_level.vhd Line: 19
    Warning (13410): Pin "VGA_B[3]" is stuck at GND File: /home/jon/github/FPGADefender/project_top_level.vhd Line: 19
Info (286030): Timing-Driven Synthesis is running
Info (17049): 7 registers lost all their fanouts during netlist optimizations.
Info (16010): Generating hard_block partition "hard_block:auto_generated_inst"
    Info (16011): Adding 1 node(s), including 0 DDIO, 1 PLL, 0 transceiver and 0 LCELL
Warning (21074): Design contains 2 input pin(s) that do not drive logic
    Warning (15610): No output dependent on input pin "reset_L" File: /home/jon/github/FPGADefender/project_top_level.vhd Line: 11
    Warning (15610): No output dependent on input pin "pause" File: /home/jon/github/FPGADefender/project_top_level.vhd Line: 12
Info (21057): Implemented 137 device resources after synthesis - the final resource count might be different
    Info (21058): Implemented 3 input pins
    Info (21059): Implemented 46 output pins
    Info (21061): Implemented 87 logic cells
    Info (21065): Implemented 1 PLLs
Info: Quartus Prime Analysis & Synthesis was successful. 0 errors, 49 warnings
    Info: Peak virtual memory: 471 megabytes
    Info: Processing ended: Tue Nov  9 17:59:36 2021
    Info: Elapsed time: 00:00:13
    Info: Total CPU time (on all processors): 00:00:31


